<?xml version="1.0" encoding="UTF-8"?>
<!-- Generated by org.testng.reporters.JUnitXMLReporter -->
<testsuite hostname="DESKTOP-9FQ5FG2" ignored="0" name="Default test" tests="3" failures="0" timestamp="31 May 2020 10:41:54 GMT" time="0.073" errors="0">
  <testcase name="mul" time="0.022" classname="com.qa.test.DemoTest0"/>
  <testcase name="sub" time="0.0" classname="com.qa.test.DemoTest0"/>
  <testcase name="sum" time="0.008" classname="com.qa.test.DemoTest0"/>
</testsuite> <!-- Default test -->
