<?xml version="1.0" encoding="UTF-8"?>
<!-- Generated by org.testng.reporters.JUnitXMLReporter -->
<testsuite hostname="DESKTOP-9FQ5FG2" ignored="0" name="Regression1" tests="9" failures="0" timestamp="31 May 2020 11:46:55 GMT" time="0.073" errors="0">
  <testcase name="mul" time="0.028" classname="com.qa.test.DemoTest0"/>
  <testcase name="sub" time="0.0" classname="com.qa.test.DemoTest0"/>
  <testcase name="sum" time="0.0" classname="com.qa.test.DemoTest0"/>
  <testcase name="mul" time="0.0" classname="com.qa.test.DemoTest2"/>
  <testcase name="sub" time="0.0" classname="com.qa.test.DemoTest2"/>
  <testcase name="sum" time="0.0" classname="com.qa.test.DemoTest2"/>
  <testcase name="mul" time="0.0" classname="com.qa.test.DeomTest1"/>
  <testcase name="sub" time="0.008" classname="com.qa.test.DeomTest1"/>
  <testcase name="sum" time="0.0" classname="com.qa.test.DeomTest1"/>
</testsuite> <!-- Regression1 -->
