<?xml version="1.0" encoding="UTF-8"?>
<testng-results skipped="0" failed="0" ignored="0" total="9" passed="9">
  <reporter-output>
  </reporter-output>
  <suite name="Suite1" duration-ms="73" started-at="2020-05-31T11:46:55Z" finished-at="2020-05-31T11:46:55Z">
    <groups>
    </groups>
    <test name="Regression1" duration-ms="73" started-at="2020-05-31T11:46:55Z" finished-at="2020-05-31T11:46:55Z">
      <class name="com.qa.test.DemoTest0">
        <test-method status="PASS" signature="mul()[pri:0, instance:com.qa.test.DemoTest0@62fdb4a6]" name="mul" duration-ms="28" started-at="2020-05-31T17:16:55Z" finished-at="2020-05-31T17:16:55Z">
          <reporter-output>
          </reporter-output>
        </test-method> <!-- mul -->
        <test-method status="PASS" signature="sum()[pri:0, instance:com.qa.test.DemoTest0@62fdb4a6]" name="sum" duration-ms="0" started-at="2020-05-31T17:16:55Z" finished-at="2020-05-31T17:16:55Z">
          <reporter-output>
          </reporter-output>
        </test-method> <!-- sum -->
        <test-method status="PASS" signature="sub()[pri:0, instance:com.qa.test.DemoTest0@62fdb4a6]" name="sub" duration-ms="0" started-at="2020-05-31T17:16:55Z" finished-at="2020-05-31T17:16:55Z">
          <reporter-output>
          </reporter-output>
        </test-method> <!-- sub -->
      </class> <!-- com.qa.test.DemoTest0 -->
      <class name="com.qa.test.DemoTest2">
        <test-method status="PASS" signature="sub()[pri:0, instance:com.qa.test.DemoTest2@31206beb]" name="sub" duration-ms="0" started-at="2020-05-31T17:16:55Z" finished-at="2020-05-31T17:16:55Z">
          <reporter-output>
          </reporter-output>
        </test-method> <!-- sub -->
        <test-method status="PASS" signature="mul()[pri:0, instance:com.qa.test.DemoTest2@31206beb]" name="mul" duration-ms="0" started-at="2020-05-31T17:16:55Z" finished-at="2020-05-31T17:16:55Z">
          <reporter-output>
          </reporter-output>
        </test-method> <!-- mul -->
        <test-method status="PASS" signature="sum()[pri:0, instance:com.qa.test.DemoTest2@31206beb]" name="sum" duration-ms="0" started-at="2020-05-31T17:16:55Z" finished-at="2020-05-31T17:16:55Z">
          <reporter-output>
          </reporter-output>
        </test-method> <!-- sum -->
      </class> <!-- com.qa.test.DemoTest2 -->
      <class name="com.qa.test.DeomTest1">
        <test-method status="PASS" signature="mul()[pri:0, instance:com.qa.test.DeomTest1@3e77a1ed]" name="mul" duration-ms="0" started-at="2020-05-31T17:16:55Z" finished-at="2020-05-31T17:16:55Z">
          <reporter-output>
          </reporter-output>
        </test-method> <!-- mul -->
        <test-method status="PASS" signature="sub()[pri:0, instance:com.qa.test.DeomTest1@3e77a1ed]" name="sub" duration-ms="8" started-at="2020-05-31T17:16:55Z" finished-at="2020-05-31T17:16:55Z">
          <reporter-output>
          </reporter-output>
        </test-method> <!-- sub -->
        <test-method status="PASS" signature="sum()[pri:0, instance:com.qa.test.DeomTest1@3e77a1ed]" name="sum" duration-ms="0" started-at="2020-05-31T17:16:55Z" finished-at="2020-05-31T17:16:55Z">
          <reporter-output>
          </reporter-output>
        </test-method> <!-- sum -->
      </class> <!-- com.qa.test.DeomTest1 -->
    </test> <!-- Regression1 -->
  </suite> <!-- Suite1 -->
</testng-results>
