<?xml version="1.0" encoding="UTF-8"?>
<testng-results skipped="0" failed="0" ignored="0" total="3" passed="3">
  <reporter-output>
  </reporter-output>
  <suite name="Default suite" duration-ms="73" started-at="2020-05-31T10:41:54Z" finished-at="2020-05-31T10:41:54Z">
    <groups>
    </groups>
    <test name="Default test" duration-ms="73" started-at="2020-05-31T10:41:54Z" finished-at="2020-05-31T10:41:54Z">
      <class name="com.qa.test.DemoTest0">
        <test-method status="PASS" signature="mul()[pri:0, instance:com.qa.test.DemoTest0@42d80b78]" name="mul" duration-ms="22" started-at="2020-05-31T16:11:54Z" finished-at="2020-05-31T16:11:54Z">
          <reporter-output>
          </reporter-output>
        </test-method> <!-- mul -->
        <test-method status="PASS" signature="sub()[pri:0, instance:com.qa.test.DemoTest0@42d80b78]" name="sub" duration-ms="0" started-at="2020-05-31T16:11:54Z" finished-at="2020-05-31T16:11:54Z">
          <reporter-output>
          </reporter-output>
        </test-method> <!-- sub -->
        <test-method status="PASS" signature="sum()[pri:0, instance:com.qa.test.DemoTest0@42d80b78]" name="sum" duration-ms="8" started-at="2020-05-31T16:11:54Z" finished-at="2020-05-31T16:11:54Z">
          <reporter-output>
          </reporter-output>
        </test-method> <!-- sum -->
      </class> <!-- com.qa.test.DemoTest0 -->
    </test> <!-- Default test -->
  </suite> <!-- Default suite -->
</testng-results>
